# JRE version: Java(TM) SE Runtime Environment (21.0.9+7) (build 21.0.9+7-LTS-338)
# Java VM: Java HotSpot(TM) 64-Bit Server VM (21.0.9+7-LTS-338, mixed mode, sharing, tiered, compressed oops, compressed class ptrs, g1 gc, windows-amd64)
GC Precious Log:
 CardTable entry size: 512
 Card Set container configuration: InlinePtr #cards 5 size 8 Array Of Cards #cards 12 size 40 Howl #buckets 4 coarsen threshold 1843 Howl Bitmap #cards 512 size 80 coarsen threshold 460 Card regions per heap region 1 cards per card region 2048
 CPUs: 8 total, 8 available
 Memory: 3763M
 Large Page Support: Disabled
 NUMA Support: Disabled
 Compressed Oops: Enabled (32-bit)
 Heap Region Size: 1M
 Heap Min Capacity: 8M
 Heap Initial Capacity: 60M
 Heap Max Capacity: 2G
 Pre-touch: Disabled
 Parallel Workers: 8
 Concurrent Workers: 2
 Concurrent Refinement Workers: 8
 Periodic GC: Disabled
Heap:
 garbage-first heap   total 140288K, used 122949K [0x0000000080000000, 0x0000000100000000)
  region size 1024K, 57 young (58368K), 8 survivors (8192K)
 Metaspace       used 64774K, committed 66688K, reserved 1114112K
  class space    used 9305K, committed 10240K, reserved 1048576K
GC Heap History (20 events):
Event: 8.469 GC heap after
{Heap after GC invocations=11 (full 0):
 garbage-first heap   total 89088K, used 51614K [0x0000000080000000, 0x0000000100000000)
  region size 1024K, 2 young (2048K), 2 survivors (2048K)
 Metaspace       used 31220K, committed 32384K, reserved 1114112K
  class space    used 4451K, committed 4992K, reserved 1048576K
}
Event: 9.075 GC heap before
{Heap before GC invocations=12 (full 0):
 garbage-first heap   total 89088K, used 79262K [0x0000000080000000, 0x0000000100000000)
  region size 1024K, 29 young (29696K), 2 survivors (2048K)
 Metaspace       used 34113K, committed 35520K, reserved 1114112K
  class space    used 4951K, committed 5632K, reserved 1048576K
}
Event: 9.079 GC heap after
{Heap after GC invocations=13 (full 0):
 garbage-first heap   total 89088K, used 52683K [0x0000000080000000, 0x0000000100000000)
  region size 1024K, 3 young (3072K), 3 survivors (3072K)
 Metaspace       used 34113K, committed 35520K, reserved 1114112K
  class space    used 4951K, committed 5632K, reserved 1048576K
}
Event: 9.630 GC heap before
{Heap before GC invocations=13 (full 0):
 garbage-first heap   total 89088K, used 79307K [0x0000000080000000, 0x0000000100000000)
  region size 1024K, 30 young (30720K), 3 survivors (3072K)
 Metaspace       used 38309K, committed 39808K, reserved 1114112K
  class space    used 5440K, committed 6208K, reserved 1048576K
}
Event: 9.639 GC heap after
{Heap after GC invocations=14 (full 0):
 garbage-first heap   total 89088K, used 55353K [0x0000000080000000, 0x0000000100000000)
  region size 1024K, 4 young (4096K), 4 survivors (4096K)
 Metaspace       used 38309K, committed 39808K, reserved 1114112K
  class space    used 5440K, committed 6208K, reserved 1048576K
}
Event: 10.076 GC heap before
{Heap before GC invocations=14 (full 0):
 garbage-first heap   total 89088K, used 77881K [0x0000000080000000, 0x0000000100000000)
  region size 1024K, 27 young (27648K), 4 survivors (4096K)
 Metaspace       used 41013K, committed 42688K, reserved 1114112K
  class space    used 5849K, committed 6656K, reserved 1048576K
}
Event: 10.082 GC heap after
{Heap after GC invocations=15 (full 0):
 garbage-first heap   total 89088K, used 57628K [0x0000000080000000, 0x0000000100000000)
  region size 1024K, 3 young (3072K), 3 survivors (3072K)
 Metaspace       used 41013K, committed 42688K, reserved 1114112K
  class space    used 5849K, committed 6656K, reserved 1048576K
}
Event: 10.454 GC heap before
{Heap before GC invocations=16 (full 0):
 garbage-first heap   total 101376K, used 78108K [0x0000000080000000, 0x0000000100000000)
  region size 1024K, 23 young (23552K), 3 survivors (3072K)
 Metaspace       used 43206K, committed 44928K, reserved 1114112K
  class space    used 6220K, committed 7040K, reserved 1048576K
}
Event: 10.458 GC heap after
{Heap after GC invocations=17 (full 0):
 garbage-first heap   total 101376K, used 58837K [0x0000000080000000, 0x0000000100000000)
  region size 1024K, 2 young (2048K), 2 survivors (2048K)
 Metaspace       used 43206K, committed 44928K, reserved 1114112K
  class space    used 6220K, committed 7040K, reserved 1048576K
}
Event: 12.786 GC heap before
{Heap before GC invocations=17 (full 0):
 garbage-first heap   total 101376K, used 92629K [0x0000000080000000, 0x0000000100000000)
  region size 1024K, 34 young (34816K), 2 survivors (2048K)
 Metaspace       used 45216K, committed 46976K, reserved 1114112K
  class space    used 6489K, committed 7360K, reserved 1048576K
}
Event: 12.794 GC heap after
{Heap after GC invocations=18 (full 0):
 garbage-first heap   total 101376K, used 64560K [0x0000000080000000, 0x0000000100000000)
  region size 1024K, 5 young (5120K), 5 survivors (5120K)
 Metaspace       used 45216K, committed 46976K, reserved 1114112K
  class space    used 6489K, committed 7360K, reserved 1048576K
}
Event: 13.275 GC heap before
{Heap before GC invocations=18 (full 0):
 garbage-first heap   total 101376K, used 88112K [0x0000000080000000, 0x0000000100000000)
  region size 1024K, 29 young (29696K), 5 survivors (5120K)
 Metaspace       used 46637K, committed 48512K, reserved 1114112K
  class space    used 6674K, committed 7552K, reserved 1048576K
}
Event: 13.282 GC heap after
{Heap after GC invocations=19 (full 0):
 garbage-first heap   total 101376K, used 66620K [0x0000000080000000, 0x0000000100000000)
  region size 1024K, 2 young (2048K), 2 survivors (2048K)
 Metaspace       used 46637K, committed 48512K, reserved 1114112K
  class space    used 6674K, committed 7552K, reserved 1048576K
}
Event: 13.512 GC heap before
{Heap before GC invocations=20 (full 0):
 garbage-first heap   total 140288K, used 90172K [0x0000000080000000, 0x0000000100000000)
  region size 1024K, 25 young (25600K), 2 survivors (2048K)
 Metaspace       used 47013K, committed 48832K, reserved 1114112K
  class space    used 6746K, committed 7616K, reserved 1048576K
}
Event: 13.517 GC heap after
{Heap after GC invocations=21 (full 0):
 garbage-first heap   total 140288K, used 66937K [0x0000000080000000, 0x0000000100000000)
  region size 1024K, 3 young (3072K), 3 survivors (3072K)
 Metaspace       used 47013K, committed 48832K, reserved 1114112K
  class space    used 6746K, committed 7616K, reserved 1048576K
}
Event: 14.777 GC heap before
{Heap before GC invocations=21 (full 0):
 garbage-first heap   total 140288K, used 122233K [0x0000000080000000, 0x0000000100000000)
  region size 1024K, 58 young (59392K), 3 survivors (3072K)
 Metaspace       used 55930K, committed 57856K, reserved 1114112K
  class space    used 8268K, committed 9216K, reserved 1048576K
}
Event: 14.783 GC heap after
{Heap after GC invocations=22 (full 0):
 garbage-first heap   total 140288K, used 68297K [0x0000000080000000, 0x0000000100000000)
  region size 1024K, 4 young (4096K), 4 survivors (4096K)
 Metaspace       used 55930K, committed 57856K, reserved 1114112K
  class space    used 8268K, committed 9216K, reserved 1048576K
}
Event: 15.732 GC heap before
{Heap before GC invocations=22 (full 0):
 garbage-first heap   total 140288K, used 126665K [0x0000000080000000, 0x0000000100000000)
  region size 1024K, 61 young (62464K), 4 survivors (4096K)
 Metaspace       used 63234K, committed 65216K, reserved 1114112K
  class space    used 9115K, committed 10048K, reserved 1048576K
}
Event: 15.740 GC heap after
{Heap after GC invocations=23 (full 0):
 garbage-first heap   total 140288K, used 72773K [0x0000000080000000, 0x0000000100000000)
  region size 1024K, 8 young (8192K), 8 survivors (8192K)
 Metaspace       used 63234K, committed 65216K, reserved 1114112K
  class space    used 9115K, committed 10048K, reserved 1048576K
}
Event: 16.101 GC heap before
{Heap before GC invocations=24 (full 0):
 garbage-first heap   total 140288K, used 122949K [0x0000000080000000, 0x0000000100000000)
  region size 1024K, 57 young (58368K), 8 survivors (8192K)
 Metaspace       used 64774K, committed 66688K, reserved 1114112K
  class space    used 9305K, committed 10240K, reserved 1048576K
}

